<?xml version="1.0" encoding="UTF-8"?>
<testng-results ignored="0" total="1" passed="1" failed="0" skipped="0">
  <reporter-output>
  </reporter-output>
  <suite started-at="2024-04-04T01:57:50 IST" name="Default suite" finished-at="2024-04-04T01:58:38 IST" duration-ms="48114">
    <groups>
    </groups>
    <test started-at="2024-04-04T01:57:50 IST" name="Default test" finished-at="2024-04-04T01:58:38 IST" duration-ms="48114">
      <class name="WebApps.Web_Application">
        <test-method is-config="true" signature="web_app()[pri:0, instance:WebApps.Web_Application@1a18644]" started-at="2024-04-04T01:57:50 IST" name="web_app" finished-at="2024-04-04T01:58:15 IST" duration-ms="25194" status="PASS">
          <reporter-output>
          </reporter-output>
        </test-method> <!-- web_app -->
        <test-method signature="webDemo()[pri:0, instance:WebApps.Web_Application@1a18644]" started-at="2024-04-04T01:58:15 IST" name="webDemo" finished-at="2024-04-04T01:58:38 IST" duration-ms="22840" status="PASS">
          <reporter-output>
          </reporter-output>
        </test-method> <!-- webDemo -->
      </class> <!-- WebApps.Web_Application -->
    </test> <!-- Default test -->
  </suite> <!-- Default suite -->
</testng-results>
